<?xml version="1.0" encoding="UTF-8"?>
<!-- Generated by org.testng.reporters.JUnitXMLReporter -->
<testsuite hostname="INGBTCPIC5NB105" name="Default test" tests="3" failures="0" timestamp="25 Feb 2018 15:48:01 GMT" time="11.822" errors="0">
  <testcase name="Login" time="0.42" classname="com.demoaut.NewTest"/>
  <testcase name="SignIn" time="4.129" classname="com.demoaut.NewTest"/>
  <testcase name="verifyHomePageTitle" time="0.038" classname="com.demoaut.NewTest"/>
</testsuite> <!-- Default test -->
